<?xml version="1.0" encoding="UTF-8"?>
<testng-results skipped="0" failed="1" ignored="0" total="5" passed="4">
  <reporter-output>
  </reporter-output>
  <suite name="Suite" duration-ms="114706" started-at="2021-08-26T13:01:17 IST" finished-at="2021-08-26T13:03:12 IST">
    <groups>
    </groups>
    <test name="Test" duration-ms="114706" started-at="2021-08-26T13:01:17 IST" finished-at="2021-08-26T13:03:12 IST">
      <class name="vTiger.Test_Scripts.VTiger_purchaseOrder_TC34">
        <test-method status="PASS" signature="setUp(java.lang.String)[pri:0, instance:vTiger.Test_Scripts.VTiger_purchaseOrder_TC34@3712b94]" name="setUp" is-config="true" duration-ms="4787" started-at="2021-08-26T13:02:47 IST" finished-at="2021-08-26T13:02:52 IST">
          <params>
            <param index="0">
              <value>
                <![CDATA[Chrome]]>
              </value>
            </param>
          </params>
          <reporter-output>
          </reporter-output>
        </test-method> <!-- setUp -->
        <test-method status="PASS" signature="testCase34()[pri:0, instance:vTiger.Test_Scripts.VTiger_purchaseOrder_TC34@3712b94]" name="testCase34" duration-ms="18872" started-at="2021-08-26T13:02:52 IST" finished-at="2021-08-26T13:03:11 IST">
          <reporter-output>
          </reporter-output>
        </test-method> <!-- testCase34 -->
        <test-method status="PASS" signature="tearDown(org.testng.ITestResult)[pri:0, instance:vTiger.Test_Scripts.VTiger_purchaseOrder_TC34@3712b94]" name="tearDown" is-config="true" duration-ms="854" started-at="2021-08-26T13:03:11 IST" finished-at="2021-08-26T13:03:12 IST">
          <params>
            <param index="0">
              <value>
                <![CDATA[[TestResult name=testCase34 status=SUCCESS method=VTiger_purchaseOrder_TC34.testCase34()[pri:0, instance:vTiger.Test_Scripts.VTiger_purchaseOrder_TC34@3712b94] output={null}]]]>
              </value>
            </param>
          </params>
          <reporter-output>
          </reporter-output>
        </test-method> <!-- tearDown -->
      </class> <!-- vTiger.Test_Scripts.VTiger_purchaseOrder_TC34 -->
      <class name="vTiger.Test_Scripts.VTiger_purchaseOrder_TC32">
        <test-method status="PASS" signature="setUp(java.lang.String)[pri:0, instance:vTiger.Test_Scripts.VTiger_purchaseOrder_TC32@17579e0f]" name="setUp" is-config="true" duration-ms="4016" started-at="2021-08-26T13:02:01 IST" finished-at="2021-08-26T13:02:05 IST">
          <params>
            <param index="0">
              <value>
                <![CDATA[Chrome]]>
              </value>
            </param>
          </params>
          <reporter-output>
          </reporter-output>
        </test-method> <!-- setUp -->
        <test-method status="PASS" signature="testCase32()[pri:0, instance:vTiger.Test_Scripts.VTiger_purchaseOrder_TC32@17579e0f]" name="testCase32" duration-ms="18729" started-at="2021-08-26T13:02:05 IST" finished-at="2021-08-26T13:02:24 IST">
          <reporter-output>
          </reporter-output>
        </test-method> <!-- testCase32 -->
        <test-method status="PASS" signature="tearDown(org.testng.ITestResult)[pri:0, instance:vTiger.Test_Scripts.VTiger_purchaseOrder_TC32@17579e0f]" name="tearDown" is-config="true" duration-ms="868" started-at="2021-08-26T13:02:24 IST" finished-at="2021-08-26T13:02:25 IST">
          <params>
            <param index="0">
              <value>
                <![CDATA[[TestResult name=testCase32 status=SUCCESS method=VTiger_purchaseOrder_TC32.testCase32()[pri:0, instance:vTiger.Test_Scripts.VTiger_purchaseOrder_TC32@17579e0f] output={null}]]]>
              </value>
            </param>
          </params>
          <reporter-output>
          </reporter-output>
        </test-method> <!-- tearDown -->
      </class> <!-- vTiger.Test_Scripts.VTiger_purchaseOrder_TC32 -->
      <class name="vTiger.Test_Scripts.VTiger_purchaseOrder_TC33">
        <test-method status="PASS" signature="setUp(java.lang.String)[pri:0, instance:vTiger.Test_Scripts.VTiger_purchaseOrder_TC33@4d41cee]" name="setUp" is-config="true" duration-ms="4472" started-at="2021-08-26T13:02:25 IST" finished-at="2021-08-26T13:02:29 IST">
          <params>
            <param index="0">
              <value>
                <![CDATA[Chrome]]>
              </value>
            </param>
          </params>
          <reporter-output>
          </reporter-output>
        </test-method> <!-- setUp -->
        <test-method status="FAIL" signature="testCase33()[pri:0, instance:vTiger.Test_Scripts.VTiger_purchaseOrder_TC33@4d41cee]" name="testCase33" duration-ms="16685" started-at="2021-08-26T13:02:29 IST" finished-at="2021-08-26T13:02:46 IST">
          <exception class="org.openqa.selenium.NoSuchWindowException">
            <message>
              <![CDATA[no such window
  (Session info: chrome=92.0.4515.159)
Build info: version: '3.141.59', revision: 'e82be7d358', time: '2018-11-14T08:17:03'
System info: host: 'DESKTOP-KP769BJ', ip: '192.168.43.5', os.name: 'Windows 10', os.arch: 'amd64', os.version: '10.0', java.version: '1.8.0_291'
Driver info: org.openqa.selenium.chrome.ChromeDriver
Capabilities {acceptInsecureCerts: false, browserName: chrome, browserVersion: 92.0.4515.159, chrome: {chromedriverVersion: 92.0.4515.107 (87a818b10553..., userDataDir: C:\Users\Surajit\AppData\Lo...}, goog:chromeOptions: {debuggerAddress: localhost:63048}, javascriptEnabled: true, networkConnectionEnabled: false, pageLoadStrategy: normal, platform: WINDOWS, platformName: WINDOWS, proxy: Proxy(), setWindowRect: true, strictFileInteractability: false, timeouts: {implicit: 0, pageLoad: 300000, script: 30000}, unhandledPromptBehavior: dismiss and notify, webauthn:extension:credBlob: true, webauthn:extension:largeBlob: true, webauthn:virtualAuthenticators: true}
Session ID: cb8512fb24b510d54499c15fcea7c2d5]]>
            </message>
            <full-stacktrace>
              <![CDATA[org.openqa.selenium.NoSuchWindowException: no such window
  (Session info: chrome=92.0.4515.159)
Build info: version: '3.141.59', revision: 'e82be7d358', time: '2018-11-14T08:17:03'
System info: host: 'DESKTOP-KP769BJ', ip: '192.168.43.5', os.name: 'Windows 10', os.arch: 'amd64', os.version: '10.0', java.version: '1.8.0_291'
Driver info: org.openqa.selenium.chrome.ChromeDriver
Capabilities {acceptInsecureCerts: false, browserName: chrome, browserVersion: 92.0.4515.159, chrome: {chromedriverVersion: 92.0.4515.107 (87a818b10553..., userDataDir: C:\Users\Surajit\AppData\Lo...}, goog:chromeOptions: {debuggerAddress: localhost:63048}, javascriptEnabled: true, networkConnectionEnabled: false, pageLoadStrategy: normal, platform: WINDOWS, platformName: WINDOWS, proxy: Proxy(), setWindowRect: true, strictFileInteractability: false, timeouts: {implicit: 0, pageLoad: 300000, script: 30000}, unhandledPromptBehavior: dismiss and notify, webauthn:extension:credBlob: true, webauthn:extension:largeBlob: true, webauthn:virtualAuthenticators: true}
Session ID: cb8512fb24b510d54499c15fcea7c2d5
at sun.reflect.NativeConstructorAccessorImpl.newInstance0(Native Method)
at sun.reflect.NativeConstructorAccessorImpl.newInstance(NativeConstructorAccessorImpl.java:62)
at sun.reflect.DelegatingConstructorAccessorImpl.newInstance(DelegatingConstructorAccessorImpl.java:45)
at java.lang.reflect.Constructor.newInstance(Constructor.java:423)
at org.openqa.selenium.remote.http.W3CHttpResponseCodec.createException(W3CHttpResponseCodec.java:187)
at org.openqa.selenium.remote.http.W3CHttpResponseCodec.decode(W3CHttpResponseCodec.java:122)
at org.openqa.selenium.remote.http.W3CHttpResponseCodec.decode(W3CHttpResponseCodec.java:49)
at org.openqa.selenium.remote.HttpCommandExecutor.execute(HttpCommandExecutor.java:158)
at org.openqa.selenium.remote.service.DriverCommandExecutor.execute(DriverCommandExecutor.java:83)
at org.openqa.selenium.remote.RemoteWebDriver.execute(RemoteWebDriver.java:552)
at org.openqa.selenium.remote.RemoteWebDriver$RemoteTargetLocator.window(RemoteWebDriver.java:903)
at vTiger.Generic_Libraries.WebUtilities.switchTab(WebUtilities.java:40)
at vTiger.Test_Scripts.VTiger_purchaseOrder_TC33.testCase33(VTiger_purchaseOrder_TC33.java:38)
at sun.reflect.NativeMethodAccessorImpl.invoke0(Native Method)
at sun.reflect.NativeMethodAccessorImpl.invoke(NativeMethodAccessorImpl.java:62)
at sun.reflect.DelegatingMethodAccessorImpl.invoke(DelegatingMethodAccessorImpl.java:43)
at java.lang.reflect.Method.invoke(Method.java:498)
at org.testng.internal.MethodInvocationHelper.invokeMethod(MethodInvocationHelper.java:133)
at org.testng.internal.TestInvoker.invokeMethod(TestInvoker.java:598)
at org.testng.internal.TestInvoker.invokeTestMethod(TestInvoker.java:173)
at org.testng.internal.MethodRunner.runInSequence(MethodRunner.java:46)
at org.testng.internal.TestInvoker$MethodInvocationAgent.invoke(TestInvoker.java:824)
at org.testng.internal.TestInvoker.invokeTestMethods(TestInvoker.java:146)
at org.testng.internal.TestMethodWorker.invokeTestMethods(TestMethodWorker.java:146)
at org.testng.internal.TestMethodWorker.run(TestMethodWorker.java:128)
at java.util.ArrayList.forEach(ArrayList.java:1259)
at org.testng.TestRunner.privateRun(TestRunner.java:794)
at org.testng.TestRunner.run(TestRunner.java:596)
at org.testng.SuiteRunner.runTest(SuiteRunner.java:377)
at org.testng.SuiteRunner.runSequentially(SuiteRunner.java:371)
at org.testng.SuiteRunner.privateRun(SuiteRunner.java:332)
at org.testng.SuiteRunner.run(SuiteRunner.java:276)
at org.testng.SuiteRunnerWorker.runSuite(SuiteRunnerWorker.java:53)
at org.testng.SuiteRunnerWorker.run(SuiteRunnerWorker.java:96)
at org.testng.TestNG.runSuitesSequentially(TestNG.java:1212)
at org.testng.TestNG.runSuitesLocally(TestNG.java:1134)
at org.testng.TestNG.runSuites(TestNG.java:1063)
at org.testng.TestNG.run(TestNG.java:1031)
at org.apache.maven.surefire.testng.TestNGExecutor.run(TestNGExecutor.java:284)
at org.apache.maven.surefire.testng.TestNGXmlTestSuite.execute(TestNGXmlTestSuite.java:75)
at org.apache.maven.surefire.testng.TestNGProvider.invoke(TestNGProvider.java:119)
at org.apache.maven.surefire.booter.ForkedBooter.runSuitesInProcess(ForkedBooter.java:428)
at org.apache.maven.surefire.booter.ForkedBooter.execute(ForkedBooter.java:162)
at org.apache.maven.surefire.booter.ForkedBooter.run(ForkedBooter.java:562)
at org.apache.maven.surefire.booter.ForkedBooter.main(ForkedBooter.java:548)
]]>
            </full-stacktrace>
          </exception> <!-- org.openqa.selenium.NoSuchWindowException -->
          <reporter-output>
          </reporter-output>
        </test-method> <!-- testCase33 -->
        <test-method status="PASS" signature="tearDown(org.testng.ITestResult)[pri:0, instance:vTiger.Test_Scripts.VTiger_purchaseOrder_TC33@4d41cee]" name="tearDown" is-config="true" duration-ms="1274" started-at="2021-08-26T13:02:46 IST" finished-at="2021-08-26T13:02:47 IST">
          <params>
            <param index="0">
              <value>
                <![CDATA[[TestResult name=testCase33 status=FAILURE method=VTiger_purchaseOrder_TC33.testCase33()[pri:0, instance:vTiger.Test_Scripts.VTiger_purchaseOrder_TC33@4d41cee] output={null}]]]>
              </value>
            </param>
          </params>
          <reporter-output>
          </reporter-output>
        </test-method> <!-- tearDown -->
      </class> <!-- vTiger.Test_Scripts.VTiger_purchaseOrder_TC33 -->
      <class name="vTiger.Test_Scripts.VTiger_purchaseOrder_TC30">
        <test-method status="PASS" signature="setUp(java.lang.String)[pri:0, instance:vTiger.Test_Scripts.VTiger_purchaseOrder_TC30@68bbe345]" name="setUp" is-config="true" duration-ms="6300" started-at="2021-08-26T13:01:17 IST" finished-at="2021-08-26T13:01:23 IST">
          <params>
            <param index="0">
              <value>
                <![CDATA[Chrome]]>
              </value>
            </param>
          </params>
          <reporter-output>
          </reporter-output>
        </test-method> <!-- setUp -->
        <test-method status="PASS" signature="testCase30()[pri:0, instance:vTiger.Test_Scripts.VTiger_purchaseOrder_TC30@68bbe345]" name="testCase30" duration-ms="14913" started-at="2021-08-26T13:01:23 IST" finished-at="2021-08-26T13:01:38 IST">
          <reporter-output>
          </reporter-output>
        </test-method> <!-- testCase30 -->
        <test-method status="PASS" signature="tearDown(org.testng.ITestResult)[pri:0, instance:vTiger.Test_Scripts.VTiger_purchaseOrder_TC30@68bbe345]" name="tearDown" is-config="true" duration-ms="767" started-at="2021-08-26T13:01:38 IST" finished-at="2021-08-26T13:01:39 IST">
          <params>
            <param index="0">
              <value>
                <![CDATA[[TestResult name=testCase30 status=SUCCESS method=VTiger_purchaseOrder_TC30.testCase30()[pri:0, instance:vTiger.Test_Scripts.VTiger_purchaseOrder_TC30@68bbe345] output={null}]]]>
              </value>
            </param>
          </params>
          <reporter-output>
          </reporter-output>
        </test-method> <!-- tearDown -->
      </class> <!-- vTiger.Test_Scripts.VTiger_purchaseOrder_TC30 -->
      <class name="vTiger.Test_Scripts.VTiger_purchaseOrder_TC31">
        <test-method status="PASS" signature="setUp(java.lang.String)[pri:0, instance:vTiger.Test_Scripts.VTiger_purchaseOrder_TC31@4b1c1ea0]" name="setUp" is-config="true" duration-ms="5028" started-at="2021-08-26T13:01:39 IST" finished-at="2021-08-26T13:01:44 IST">
          <params>
            <param index="0">
              <value>
                <![CDATA[Chrome]]>
              </value>
            </param>
          </params>
          <reporter-output>
          </reporter-output>
        </test-method> <!-- setUp -->
        <test-method status="PASS" signature="testCase31()[pri:0, instance:vTiger.Test_Scripts.VTiger_purchaseOrder_TC31@4b1c1ea0]" name="testCase31" duration-ms="16188" started-at="2021-08-26T13:01:44 IST" finished-at="2021-08-26T13:02:00 IST">
          <reporter-output>
          </reporter-output>
        </test-method> <!-- testCase31 -->
        <test-method status="PASS" signature="tearDown(org.testng.ITestResult)[pri:0, instance:vTiger.Test_Scripts.VTiger_purchaseOrder_TC31@4b1c1ea0]" name="tearDown" is-config="true" duration-ms="815" started-at="2021-08-26T13:02:00 IST" finished-at="2021-08-26T13:02:01 IST">
          <params>
            <param index="0">
              <value>
                <![CDATA[[TestResult name=testCase31 status=SUCCESS method=VTiger_purchaseOrder_TC31.testCase31()[pri:0, instance:vTiger.Test_Scripts.VTiger_purchaseOrder_TC31@4b1c1ea0] output={null}]]]>
              </value>
            </param>
          </params>
          <reporter-output>
          </reporter-output>
        </test-method> <!-- tearDown -->
      </class> <!-- vTiger.Test_Scripts.VTiger_purchaseOrder_TC31 -->
    </test> <!-- Test -->
  </suite> <!-- Suite -->
</testng-results>
